Updating null icons for applications...
Fetching applications from: Internship Application...
Applications fetched: 70
Fetching applications from: Job Application...
Applications fetched: 24
Total applications fetched: 94
Image found for FIU! Appending URL image.
Updating null icons for applications...
Fetching applications from: Internship Application...
Applications fetched: 70
Fetching applications from: Job Application...
Applications fetched: 24
Total applications fetched: 94
Updating null icons for applications...
Fetching applications from: Internship Application...
Applications fetched: 70
Fetching applications from: Job Application...
Applications fetched: 24
Total applications fetched: 94

-----Updating null icons for applications... Date: 2026-01-07-----
Fetching applications from: Internship Application...
Applications fetched: 70
Fetching applications from: Job Application...
Applications fetched: 24
Total applications fetched: 94
---------------
